<?xml version="1.0" encoding="UTF-8"?>
<!-- Generated by org.testng.reporters.JUnitReportReporter -->
<testsuite hostname="Kripalu-Kunj" failures="0" tests="2" name="com.soni.JKP1008.TestClass_2" time="20.024" errors="0" timestamp="2025-01-19T20:59:29 IST" skipped="0">
  <testcase classname="com.soni.JKP1008.TestClass_2" name="test2" time="10.011"/>
  <system-out/>
  <testcase classname="com.soni.JKP1008.TestClass_2" name="test1" time="10.013"/>
  <system-out/>
</testsuite> <!-- com.soni.JKP1008.TestClass_2 -->
