<?xml version="1.0" encoding="UTF-8"?>
<!-- Generated by org.testng.reporters.JUnitReportReporter -->
<testsuite hostname="Kripalu-Kunj" failures="0" tests="3" name="com.soni.JKP1008.TestClass_3" time="30.063" errors="0" timestamp="2025-01-19T20:59:29 IST" skipped="0">
  <testcase classname="com.soni.JKP1008.TestClass_3" name="test3" time="10.021"/>
  <system-out/>
  <testcase classname="com.soni.JKP1008.TestClass_3" name="test2" time="10.021"/>
  <system-out/>
  <testcase classname="com.soni.JKP1008.TestClass_3" name="test1" time="10.021"/>
  <system-out/>
</testsuite> <!-- com.soni.JKP1008.TestClass_3 -->
